[INFO ]2023-03-16 03:26:25.849[main]LoggerLoad-User Clicked Get Started Button Of LinkedList
[INFO ]2023-03-16 03:26:26.235[main]LoggerLoad-User Clicked Linked List - Introduction
[INFO ]2023-03-16 03:26:26.269[main]LoggerLoad-User redirected to Linked List - Introduction List Page
[INFO ]2023-03-16 03:26:27.255[main]LoggerLoad-User clicks type here button in Linked List - Introduction
[INFO ]2023-03-16 03:26:27.380[main]LoggerLoad-Running Valid Python Code
[INFO ]2023-03-16 03:26:27.470[main]LoggerLoad-Clicking Run Button
[INFO ]2023-03-16 03:26:28.483[main]LoggerLoad-User enter python program in Linked List - Introduction
[INFO ]2023-03-16 03:26:28.489[main]LoggerLoad-Run Python Program Succesfully at Linked List - Introduction
[INFO ]2023-03-16 03:26:35.435[main]LoggerLoad-In Data Structures page
[INFO ]2023-03-16 03:26:35.876[main]LoggerLoad-In Linked List page
[INFO ]2023-03-16 03:26:36.264[main]LoggerLoad-In Linked List-Creating Linked LIst page
[INFO ]2023-03-16 03:26:37.276[main]LoggerLoad-User clicks type here button in Linked List - Creating Linked List
[INFO ]2023-03-16 03:26:37.482[main]LoggerLoad-Clicking Run Button
[INFO ]2023-03-16 03:26:38.483[main]LoggerLoad-User enters valid python code
[INFO ]2023-03-16 03:26:38.487[main]LoggerLoad-Output of the Program displayed at Linked List - Creating Linked List
[INFO ]2023-03-16 03:26:45.012[main]LoggerLoad-In Data Structures page
[INFO ]2023-03-16 03:26:45.430[main]LoggerLoad-In Linked List page
[INFO ]2023-03-16 03:26:45.985[main]LoggerLoad-In Linked List-Types of Linked List page
[INFO ]2023-03-16 03:26:46.969[main]LoggerLoad-User clicks type here button in Linked List - Typed Of Linked List
[INFO ]2023-03-16 03:26:47.151[main]LoggerLoad-Clicking Run Button
[INFO ]2023-03-16 03:26:48.163[main]LoggerLoad-User enters valid python code
[INFO ]2023-03-16 03:26:48.164[main]LoggerLoad-Output of the Program displayed at Linked List - Types Linked List
[INFO ]2023-03-16 03:26:54.681[main]LoggerLoad-In Data Structures page
[INFO ]2023-03-16 03:26:55.091[main]LoggerLoad-In Linked List page
[INFO ]2023-03-16 03:26:55.444[main]LoggerLoad-In Linked List-Implement Linked List in Python page
[INFO ]2023-03-16 03:26:56.484[main]LoggerLoad-User clicks type here button in Linked List - Implement Link List in Python
[INFO ]2023-03-16 03:26:56.657[main]LoggerLoad-Clicking Run Button
[INFO ]2023-03-16 03:26:57.664[main]LoggerLoad-User enters valid python code
[INFO ]2023-03-16 03:26:57.667[main]LoggerLoad-Output of the Program displayed at Linked List - Implement Link List Python
[INFO ]2023-03-16 03:27:04.164[main]LoggerLoad-In Data Structures page
[INFO ]2023-03-16 03:27:04.572[main]LoggerLoad-In Linked List page
[INFO ]2023-03-16 03:27:04.971[main]LoggerLoad-In Linked List-Traversal page
[INFO ]2023-03-16 03:27:06.007[main]LoggerLoad-User clicks type here button in Linked List - Traversal
[INFO ]2023-03-16 03:27:06.218[main]LoggerLoad-Clicking Run Button
[INFO ]2023-03-16 03:27:07.219[main]LoggerLoad-User enters valid python code
[INFO ]2023-03-16 03:27:07.222[main]LoggerLoad-Output of the Program displayed at Linked List - Traversal
[INFO ]2023-03-16 03:27:13.819[main]LoggerLoad-In Data Structures page
[INFO ]2023-03-16 03:27:14.239[main]LoggerLoad-In Linked List page
[INFO ]2023-03-16 03:27:14.650[main]LoggerLoad-In Linked List-Insertion page
[INFO ]2023-03-16 03:27:15.637[main]LoggerLoad-User clicks type here button in Linked List - Insertion
[INFO ]2023-03-16 03:27:15.803[main]LoggerLoad-Clicking Run Button
[INFO ]2023-03-16 03:27:16.817[main]LoggerLoad-User enters valid python code
[INFO ]2023-03-16 03:27:16.820[main]LoggerLoad-Output of the Program displayed at Linked List - Insertion
[INFO ]2023-03-16 03:27:23.443[main]LoggerLoad-In Data Structures page
[INFO ]2023-03-16 03:27:23.840[main]LoggerLoad-In Linked List page
[INFO ]2023-03-16 03:27:24.243[main]LoggerLoad-In Linked List-Insertion page
[INFO ]2023-03-16 03:27:25.346[main]LoggerLoad-User clicks type here button in Linked List - Deletion
[INFO ]2023-03-16 03:27:25.521[main]LoggerLoad-Clicking Run Button
[INFO ]2023-03-16 03:27:26.525[main]LoggerLoad-User enters valid python code
[INFO ]2023-03-16 03:27:26.527[main]LoggerLoad-Output of the Program displayed at Linked List - Deletion
[INFO ]2023-03-16 03:27:33.084[main]LoggerLoad-User Click Data Structure Get Started Button
[INFO ]2023-03-16 03:27:33.098[main]LoggerLoad-User directed to Data Structures - Introduction
[INFO ]2023-03-16 03:27:33.462[main]LoggerLoad-User Click Data Structures - Time Complexity
[INFO ]2023-03-16 03:27:33.471[main]LoggerLoad-User directed to Data Structures - Time Complexity
[INFO ]2023-03-16 03:27:34.512[main]LoggerLoad-User clicks type here button in Data Structures
[INFO ]2023-03-16 03:27:34.627[main]LoggerLoad-Running Valid Python Code
[INFO ]2023-03-16 03:27:34.717[main]LoggerLoad-Clicking Run Button
[INFO ]2023-03-16 03:27:35.719[main]LoggerLoad-User enter python program in Data Structures
[INFO ]2023-03-16 03:27:35.721[main]LoggerLoad-Python Program Printed Successfully @ Data Structures - Time Complexity
[INFO ]2023-03-16 03:27:42.312[main]LoggerLoad-User Clicks on Get Started Button of Stack
[INFO ]2023-03-16 03:27:42.328[main]LoggerLoad-User directed to the Stack - Data Structure Page
[INFO ]2023-03-16 03:27:42.812[main]LoggerLoad-User click Stack - Operation Sublink
[INFO ]2023-03-16 03:27:42.824[main]LoggerLoad-User directed to the Stack - Operation sublink
[INFO ]2023-03-16 03:27:43.795[main]LoggerLoad-User clicks type here button in Stack - Operation in Stack Link
[INFO ]2023-03-16 03:27:43.921[main]LoggerLoad-Running Valid Python Code
[INFO ]2023-03-16 03:27:44.015[main]LoggerLoad-Clicking Run Button
[INFO ]2023-03-16 03:27:45.024[main]LoggerLoad-User enter python program in Stack - Operation in Stack Line
[INFO ]2023-03-16 03:27:45.026[main]LoggerLoad-Run Python Program Succesfully at Stack - Operations in Stack Page
[INFO ]2023-03-16 03:27:51.429[main]LoggerLoad-User is In Stack Page
[INFO ]2023-03-16 03:27:51.440[main]LoggerLoad-User directed to the Stack - Data Structure Page
[INFO ]2023-03-16 03:27:51.786[main]LoggerLoad-User is In Stack - Implementation
[INFO ]2023-03-16 03:27:51.796[main]LoggerLoad-User directed to implementation page of stack
[INFO ]2023-03-16 03:27:52.774[main]LoggerLoad-User clicks type here button in Stack - Implementation
[INFO ]2023-03-16 03:27:52.898[main]LoggerLoad-Running Valid Python Code
[INFO ]2023-03-16 03:27:52.995[main]LoggerLoad-Clicking Run Button
[INFO ]2023-03-16 03:27:54.010[main]LoggerLoad-User enter python program in Stack Implementation
[INFO ]2023-03-16 03:28:00.301[main]LoggerLoad-User is In Stack - Application Link
[INFO ]2023-03-16 03:28:00.659[main]LoggerLoad-User is In Stack Page
[INFO ]2023-03-16 03:28:00.677[main]LoggerLoad-User directed to the Stack - Data Structure Page
[INFO ]2023-03-16 03:28:01.091[main]LoggerLoad-User Clicked Stack Page - Application Link
[INFO ]2023-03-16 03:28:01.101[main]LoggerLoad-User directed to Application Link Page of Stack
[INFO ]2023-03-16 03:28:02.097[main]LoggerLoad-User clicks type here button in Stack - Application Link
[INFO ]2023-03-16 03:28:02.301[main]LoggerLoad-Clicking Run Button
[INFO ]2023-03-16 03:28:04.112[main]LoggerLoad-Entered Wrong Python Code in Stack - Application
[INFO ]2023-03-16 03:28:10.709[main]LoggerLoad-User Clicking Graph Get Started Button
[INFO ]2023-03-16 03:28:11.069[main]LoggerLoad-User Clicking Graph Link in Graph
[INFO ]2023-03-16 03:28:11.079[main]LoggerLoad-User should redirect to Graph Page having try here button
[INFO ]2023-03-16 03:28:12.060[main]LoggerLoad-User clicks type here button in Graph
[INFO ]2023-03-16 03:28:12.188[main]LoggerLoad-Running Valid Python Code
[INFO ]2023-03-16 03:28:12.284[main]LoggerLoad-Clicking Run Button
[INFO ]2023-03-16 03:28:13.291[main]LoggerLoad-User enter python program in Graph
[INFO ]2023-03-16 03:28:13.294[main]LoggerLoad-Python Program Printed Successfully Graph - Graph Link
[INFO ]2023-03-16 03:28:20.428[main]LoggerLoad-User Clicking Graph Get Started Button
[INFO ]2023-03-16 03:28:20.965[main]LoggerLoad-User is In Graph - Graph Representation
[INFO ]2023-03-16 03:28:20.981[main]LoggerLoad-User should redirect to Graph Representation Page having try here button
[INFO ]2023-03-16 03:28:21.917[main]LoggerLoad-User clicks type here button in Graph
[INFO ]2023-03-16 03:28:22.043[main]LoggerLoad-Running Valid Python Code
[INFO ]2023-03-16 03:28:22.128[main]LoggerLoad-Clicking Run Button
[INFO ]2023-03-16 03:28:23.137[main]LoggerLoad-User enter python program in Graph - Graph Representation
[INFO ]2023-03-16 03:28:23.140[main]LoggerLoad-Python Program Printed Successfully Graph - Representation in Python Program
[INFO ]2023-03-16 03:28:30.074[main]LoggerLoad-User Clicked Array Get Started Button
[INFO ]2023-03-16 03:28:30.504[main]LoggerLoad- User is In Array - Arrays in Python Link
[INFO ]2023-03-16 03:28:31.469[main]LoggerLoad-User clicks type here button in Array
[INFO ]2023-03-16 03:28:31.596[main]LoggerLoad-Running Valid Python Code
[INFO ]2023-03-16 03:28:31.682[main]LoggerLoad-Clicking Run Button
[INFO ]2023-03-16 03:28:32.684[main]LoggerLoad-User enter python program in Array
[INFO ]2023-03-16 03:28:32.687[main]LoggerLoad-Python Program Printed Successfully Array - Array in Python
[INFO ]2023-03-16 03:28:39.325[main]LoggerLoad-User Clicked Array Get Started Button
[INFO ]2023-03-16 03:28:39.704[main]LoggerLoad-User is In Array - Arrays Using List
[INFO ]2023-03-16 03:28:39.718[main]LoggerLoad-User redirected to Array Using List Page in Array
[INFO ]2023-03-16 03:28:40.788[main]LoggerLoad-User clicks type here button in Array - Arrays Using List
[INFO ]2023-03-16 03:28:40.910[main]LoggerLoad-Running Valid Python Code
[INFO ]2023-03-16 03:28:41.000[main]LoggerLoad-Clicking Run Button
[INFO ]2023-03-16 03:28:42.007[main]LoggerLoad-User enter python program in Array - Arrays Using List
[INFO ]2023-03-16 03:28:42.009[main]LoggerLoad-Output of the Program displayed at Arrays - Arrays Using Lists
[INFO ]2023-03-16 03:28:49.140[main]LoggerLoad-User Clicked Array Get Started Button
[INFO ]2023-03-16 03:28:49.545[main]LoggerLoad- User is In Array - Arrays in Python Link
[INFO ]2023-03-16 03:28:50.985[main]LoggerLoad-Running Valid Python Code
[INFO ]2023-03-16 03:28:51.070[main]LoggerLoad-Clicking Run Button
[INFO ]2023-03-16 03:28:58.868[main]LoggerLoad-In Data Structures page
[INFO ]2023-03-16 03:28:59.182[main]LoggerLoad-In Arrays page
[INFO ]2023-03-16 03:28:59.557[main]LoggerLoad-In Arrays-Basic Operations in Lists page
[INFO ]2023-03-16 03:29:00.631[main]LoggerLoad-User clicks type here button in Array - Basic Operation in Lists
[INFO ]2023-03-16 03:29:00.832[main]LoggerLoad-Clicking Run Button
[INFO ]2023-03-16 03:29:01.840[main]LoggerLoad-User enters valid python code
[INFO ]2023-03-16 03:29:01.843[main]LoggerLoad-Output of the Program displayed at Arrays - Basic Operation in Lists
[INFO ]2023-03-16 03:29:08.123[main]LoggerLoad-In Data Structures page
[INFO ]2023-03-16 03:29:08.548[main]LoggerLoad-In Arrays page
[INFO ]2023-03-16 03:29:08.928[main]LoggerLoad-In Arrays-Applications of Array page
[INFO ]2023-03-16 03:29:09.912[main]LoggerLoad-User clicks type here button in Array - Basic Application of Array
[INFO ]2023-03-16 03:29:10.112[main]LoggerLoad-Clicking Run Button
[INFO ]2023-03-16 03:29:11.124[main]LoggerLoad-User enters valid python code
[INFO ]2023-03-16 03:29:11.126[main]LoggerLoad-Output of the Program displayed at Arrays - Basic Application of Array
[INFO ]2023-03-16 03:29:17.819[main]LoggerLoad-In Queue
[INFO ]2023-03-16 03:29:21.252[main]LoggerLoad-Running Valid Python Code
[INFO ]2023-03-16 03:29:21.368[main]LoggerLoad-Clicking Run Button
[INFO ]2023-03-16 03:29:23.446[main]LoggerLoad-Running Valid Python Code
[INFO ]2023-03-16 03:29:23.521[main]LoggerLoad-Clicking Run Button
[INFO ]2023-03-16 03:29:25.252[main]LoggerLoad-Running Valid Python Code
[INFO ]2023-03-16 03:29:25.327[main]LoggerLoad-Clicking Run Button
[INFO ]2023-03-16 03:29:27.114[main]LoggerLoad-Running Valid Python Code
[INFO ]2023-03-16 03:29:27.196[main]LoggerLoad-Clicking Run Button
[INFO ]2023-03-16 03:29:28.222[main]LoggerLoad-Validate valid program in all sublinks of queue
[INFO ]2023-03-16 03:29:28.223[main]LoggerLoad-Python Program Printed Successfully Queue
[INFO ]2023-03-16 03:29:34.885[main]LoggerLoad-In Data Structures page
[INFO ]2023-03-16 03:29:35.298[main]LoggerLoad-In Tree page
[INFO ]2023-03-16 03:29:35.781[main]LoggerLoad-In Tree-Overview of Trees page
[INFO ]2023-03-16 03:29:36.873[main]LoggerLoad-User clicks type here button in Tree - Overview Of Trees
[INFO ]2023-03-16 03:29:37.024[main]LoggerLoad-Running Valid Python Code
[INFO ]2023-03-16 03:29:37.100[main]LoggerLoad-Clicking Run Button
[INFO ]2023-03-16 03:29:38.107[main]LoggerLoad-User enter python program in Tree - Overview Of Trees
[INFO ]2023-03-16 03:29:38.135[main]LoggerLoad-Invalid Program in Tree - Overview Of Tree Page
[INFO ]2023-03-16 03:29:44.744[main]LoggerLoad-In Data Structures page
[INFO ]2023-03-16 03:29:45.159[main]LoggerLoad-In Tree page
[INFO ]2023-03-16 03:29:45.530[main]LoggerLoad-In Tree-Terminologies page
[INFO ]2023-03-16 03:29:46.486[main]LoggerLoad-User clicks type here button in Tree - Terminologies
[INFO ]2023-03-16 03:29:46.686[main]LoggerLoad-Clicking Run Button
[INFO ]2023-03-16 03:29:48.254[main]LoggerLoad-Entered Wrong Python Code in Stack - Application
[INFO ]2023-03-16 03:29:48.254[main]LoggerLoad-Wrong Python Code Prints in Tree - Terminologies Page
[INFO ]2023-03-16 03:29:54.634[main]LoggerLoad-In Data Structures page
[INFO ]2023-03-16 03:29:55.079[main]LoggerLoad-In Tree page
[INFO ]2023-03-16 03:29:55.456[main]LoggerLoad-In Tree-Types of Trees page
[INFO ]2023-03-16 03:29:56.463[main]LoggerLoad-User clicks type here button in Tree - Types Of Trees
[INFO ]2023-03-16 03:29:56.567[main]LoggerLoad-Clicking Run Button
[INFO ]2023-03-16 03:29:56.568[main]LoggerLoad-No Program runs in Tree - Types of Trees
[INFO ]2023-03-16 03:30:02.859[main]LoggerLoad-In Data Structures page
[INFO ]2023-03-16 03:30:03.279[main]LoggerLoad-In Tree page
[INFO ]2023-03-16 03:30:04.915[main]LoggerLoad-Running Valid Python Code
[INFO ]2023-03-16 03:30:04.993[main]LoggerLoad-Clicking Run Button
[INFO ]2023-03-16 03:30:07.061[main]LoggerLoad-Running Valid Python Code
[INFO ]2023-03-16 03:30:07.125[main]LoggerLoad-Clicking Run Button
[INFO ]2023-03-16 03:30:09.144[main]LoggerLoad-Running Valid Python Code
[INFO ]2023-03-16 03:30:09.202[main]LoggerLoad-Clicking Run Button
[INFO ]2023-03-16 03:30:11.302[main]LoggerLoad-Running Valid Python Code
[INFO ]2023-03-16 03:30:11.363[main]LoggerLoad-Clicking Run Button
[INFO ]2023-03-16 03:30:13.342[main]LoggerLoad-Running Valid Python Code
[INFO ]2023-03-16 03:30:13.398[main]LoggerLoad-Clicking Run Button
[INFO ]2023-03-16 03:30:15.394[main]LoggerLoad-Running Valid Python Code
[INFO ]2023-03-16 03:30:15.448[main]LoggerLoad-Clicking Run Button
[INFO ]2023-03-16 03:30:17.430[main]LoggerLoad-Running Valid Python Code
[INFO ]2023-03-16 03:30:17.487[main]LoggerLoad-Clicking Run Button
[INFO ]2023-03-16 03:30:19.429[main]LoggerLoad-Running Valid Python Code
[INFO ]2023-03-16 03:30:19.491[main]LoggerLoad-Clicking Run Button
[INFO ]2023-03-16 03:30:21.637[main]LoggerLoad-Running Valid Python Code
[INFO ]2023-03-16 03:30:21.687[main]LoggerLoad-Clicking Run Button
[INFO ]2023-03-16 03:30:23.652[main]LoggerLoad-Running Valid Python Code
[INFO ]2023-03-16 03:30:23.704[main]LoggerLoad-Clicking Run Button
[INFO ]2023-03-16 03:30:24.752[main]LoggerLoad-Validate valid program in all sublinks of Tree
[INFO ]2023-03-16 03:30:24.759[main]LoggerLoad-Python Program Print Successfully in all of the Tree Links
[INFO ]2023-03-16 03:32:53.000[main]LoggerLoad-User Clicked Array Get Started Button
[INFO ]2023-03-16 03:32:53.655[main]LoggerLoad- User is In Array - Arrays in Python Link
[INFO ]2023-03-16 03:35:34.572[main]LoggerLoad-User Clicked Array Get Started Button
[INFO ]2023-03-16 03:35:34.977[main]LoggerLoad- User is In Array - Arrays in Python Link
[INFO ]2023-03-16 03:39:06.328[main]LoggerLoad-User Clicked Array Get Started Button
[INFO ]2023-03-16 03:39:06.847[main]LoggerLoad- User is In Array - Arrays in Python Link
